/home/action/.parts/packages/ruby2.1/2.1.1/bin/ruby extconf.rb 
checking for ruby/thread.h... yes
checking for rb_thread_call_without_gvl() in ruby/thread.h... yes
checking for rb_thread_blocking_region()... yes
checking for rb_wait_for_single_fd()... yes
checking for rb_hash_dup()... yes
checking for rb_intern3()... yes
-----
Using mysql_config at /home/action/.parts/bin/mysql_config
-----
checking for mysql.h... yes
checking for errmsg.h... yes
checking for mysqld_error.h... yes
-----
Setting libpath to /home/action/.parts/packages/mysql/5.6.13/lib
-----
creating Makefile

make "DESTDIR=" clean

make "DESTDIR="
compiling result.c
compiling mysql2_ext.c
compiling infile.c
compiling client.c
linking shared-object mysql2/mysql2.so

make "DESTDIR=" install
/usr/bin/install -c -m 0755 mysql2.so ./.gem.20150212-879-11himbj/mysql2
installing default mysql2 libraries
